{
  "RSpec": {
    "coverage": {
      "/Users/tanphan/workspaces/property_five/app/models/address.rb": {
        "lines": [
          1,
          1,
          1,
          1,
          1,
          null,
          1,
          1,
          null,
          null,
          1,
          1,
          1,
          null
        ]
      },
      "/Users/tanphan/workspaces/property_five/app/models/city.rb": {
        "lines": [
          1,
          1,
          null,
          1,
          null
        ]
      },
      "/Users/tanphan/workspaces/property_five/app/models/concerns/order_slug_scope.rb": {
        "lines": [
          1,
          1,
          null,
          1,
          3,
          null,
          null
        ]
      },
      "/Users/tanphan/workspaces/property_five/app/models/district.rb": {
        "lines": [
          1,
          1,
          null,
          1,
          1,
          null
        ]
      },
      "/Users/tanphan/workspaces/property_five/app/models/product_category.rb": {
        "lines": [
          1,
          1,
          null,
          1,
          1,
          1,
          null
        ]
      },
      "/Users/tanphan/workspaces/property_five/app/models/concerns/order_name_scope.rb": {
        "lines": [
          1,
          1,
          null,
          1,
          2,
          null,
          null
        ]
      },
      "/Users/tanphan/workspaces/property_five/app/models/product_categories_type.rb": {
        "lines": [
          1,
          1,
          1,
          null
        ]
      },
      "/Users/tanphan/workspaces/property_five/app/models/product_type.rb": {
        "lines": [
          1,
          1,
          null,
          1,
          1,
          1,
          null
        ]
      },
      "/Users/tanphan/workspaces/property_five/app/models/product.rb": {
        "lines": [
          1,
          1,
          1,
          1,
          null,
          1,
          null,
          1,
          null,
          1,
          0,
          null,
          null,
          1,
          0,
          null,
          null,
          1,
          1,
          1,
          null,
          1,
          1,
          1,
          null,
          1,
          1,
          null,
          1,
          1,
          1,
          null,
          1,
          1,
          null,
          2,
          null,
          1,
          2,
          null,
          null,
          1,
          1,
          2,
          0,
          null,
          null,
          null
        ]
      },
      "/Users/tanphan/workspaces/property_five/app/models/ward.rb": {
        "lines": [
          1,
          1,
          null,
          1,
          null
        ]
      },
      "/Users/tanphan/workspaces/property_five/app/controllers/creator_api/products_controller.rb": {
        "lines": [
          1,
          1,
          1,
          null,
          null,
          null,
          1,
          null,
          null,
          null,
          null,
          null,
          1,
          1,
          1,
          1,
          null,
          null,
          null,
          1,
          1,
          null,
          null,
          1,
          1,
          1,
          1,
          1,
          null,
          0,
          null,
          null,
          null,
          1,
          1,
          1,
          null,
          1,
          null,
          0,
          null,
          null,
          null,
          1,
          0,
          0,
          0,
          null,
          0,
          null,
          null,
          null,
          1,
          1,
          1,
          null,
          null,
          1,
          2,
          null,
          null,
          1,
          5,
          null,
          null,
          1,
          3,
          null,
          1,
          null,
          null
        ]
      },
      "/Users/tanphan/workspaces/property_five/app/controllers/creator_api/application_controller.rb": {
        "lines": [
          1,
          1,
          1,
          1,
          null,
          1,
          null,
          1,
          0,
          null,
          null,
          null
        ]
      },
      "/Users/tanphan/workspaces/property_five/app/support/search_params.rb": {
        "lines": [
          1,
          1,
          null,
          1,
          1,
          1,
          null,
          null,
          1,
          1,
          1,
          null,
          null,
          null,
          1,
          1,
          1,
          1,
          0,
          null,
          null,
          1,
          null,
          null
        ]
      },
      "/Users/tanphan/workspaces/property_five/app/presenters/product_listing_presenter.rb": {
        "lines": [
          1,
          1,
          null,
          1,
          null,
          1,
          1,
          1,
          null,
          1,
          1,
          null,
          null,
          1,
          1,
          1,
          null,
          null,
          1,
          1,
          1,
          null,
          null
        ]
      },
      "/Users/tanphan/workspaces/property_five/app/presenters/concerns/product_presentable.rb": {
        "lines": [
          1,
          1,
          null,
          1,
          null,
          null,
          null,
          null
        ]
      },
      "/Users/tanphan/workspaces/property_five/app/models/product_image.rb": {
        "lines": [
          1,
          1,
          null,
          1,
          null,
          1,
          null,
          1,
          2,
          8,
          null,
          null,
          null
        ]
      },
      "/Users/tanphan/workspaces/property_five/app/uploaders/product_image_uploader.rb": {
        "lines": [
          1,
          null,
          null,
          null,
          1,
          null,
          null,
          null,
          null,
          null,
          null,
          null,
          null,
          null,
          null,
          null,
          1,
          4,
          null,
          null,
          1,
          1,
          null,
          null,
          1,
          1,
          null,
          null,
          null,
          null,
          1,
          8,
          null,
          null,
          null,
          null,
          null,
          null,
          null,
          null,
          null,
          null,
          null,
          null,
          null,
          null,
          null,
          null,
          null,
          null,
          null,
          null,
          null,
          null,
          null,
          null,
          null,
          null,
          null,
          null,
          null,
          null,
          null,
          null,
          null,
          null
        ]
      },
      "/Users/tanphan/workspaces/property_five/lib/utils.rb": {
        "lines": [
          1,
          1,
          10,
          8,
          null,
          2,
          2,
          null,
          null,
          null
        ]
      },
      "/Users/tanphan/workspaces/property_five/app/presenters/product_form_presenter.rb": {
        "lines": [
          1,
          1,
          null,
          1,
          null,
          1,
          3,
          null,
          null,
          1,
          3,
          3,
          null,
          null,
          1,
          3,
          2,
          null,
          null,
          null,
          null,
          null,
          null,
          4,
          null,
          null,
          null
        ]
      }
    },
    "timestamp": 1584715844
  }
}
