{
  "RSpec": {
    "coverage": {
      "/Users/tanphan/workspaces/property_five/app/controllers/admin_api/sessions_controller.rb": {
        "lines": [
          1,
          1,
          1,
          1,
          null,
          null,
          1,
          1,
          null,
          null,
          null,
          null,
          null
        ]
      },
      "/Users/tanphan/workspaces/property_five/app/controllers/application_controller.rb": {
        "lines": [
          1,
          1,
          null,
          null,
          1,
          1,
          0,
          null,
          null
        ]
      }
    },
    "timestamp": 1584604961
  }
}
